<?xml version="1.0" encoding="UTF-8"?>
<robot generator="Robot 6.1a1 (Python 3.11.8 on win32)" generated="20240406 11:58:28.941" rpa="false" schemaversion="4">
<suite id="s1" name="Test" source="C:\Users\fylmz\IdeaProjects\RobotFramework_POM\Test\test.robot">
<test id="s1-t1" name="N11 Arama Testi" line="8">
<kw name="N11 sayfasini ac" library="keywords" type="SETUP">
<kw name="Open N11 sayfasi" library="Page">
<kw name="Open Browser" library="SeleniumLibrary">
<arg>${URL}</arg>
<arg>Firefox</arg>
<doc>Opens a new browser instance to the optional ``url``.</doc>
<msg timestamp="20240406 11:58:29.380" level="INFO">Opening browser 'Firefox' to base url 'https://www.n11.com/'.</msg>
<msg timestamp="20240406 11:58:29.386" level="INFO">Firefox driver log is always forced to to: C:\Users\fylmz\IdeaProjects\RobotFramework_POM\log\geckodriver-3.log</msg>
<msg timestamp="20240406 11:58:29.391" level="INFO">Executing: C:\Users\fylmz\AppData\Local\Programs\Python\Python311\Lib\site-packages\selenium\webdriver\common\windows\selenium-manager.exe --browser firefox --output json</msg>
<status status="PASS" starttime="20240406 11:58:29.379" endtime="20240406 11:58:43.317"/>
</kw>
<kw name="Maximize Browser Window" library="SeleniumLibrary">
<doc>Maximizes current browser window.</doc>
<status status="PASS" starttime="20240406 11:58:43.318" endtime="20240406 11:58:43.667"/>
</kw>
<status status="PASS" starttime="20240406 11:58:29.379" endtime="20240406 11:58:43.668"/>
</kw>
<status status="PASS" starttime="20240406 11:58:29.379" endtime="20240406 11:58:43.668"/>
</kw>
<kw name="AramaYAP" library="keywords">
<arg>${Aranacak_urun}</arg>
<kw name="Arama YAP" library="Page">
<arg>$Aranacak_urun</arg>
<kw name="Input Text" library="SeleniumLibrary">
<arg>${Arama Yeri}</arg>
<arg>${Aranacak_urun}</arg>
<doc>Types the given ``text`` into the text field identified by ``locator``.</doc>
<msg timestamp="20240406 11:58:43.670" level="INFO">Typing text '$Aranacak_urun' into text field '//input[@id='searchData']'.</msg>
<status status="PASS" starttime="20240406 11:58:43.669" endtime="20240406 11:58:43.806"/>
</kw>
<kw name="Click Element" library="SeleniumLibrary">
<arg>${iconSearch}</arg>
<doc>Click the element identified by ``locator``.</doc>
<msg timestamp="20240406 11:58:43.807" level="INFO">Clicking element '//span[@class='iconsSearch']'.</msg>
<status status="PASS" starttime="20240406 11:58:43.807" endtime="20240406 11:58:46.022"/>
</kw>
<status status="PASS" starttime="20240406 11:58:43.669" endtime="20240406 11:58:46.022"/>
</kw>
<status status="PASS" starttime="20240406 11:58:43.668" endtime="20240406 11:58:46.022"/>
</kw>
<kw name="Close Browser" library="SeleniumLibrary" type="TEARDOWN">
<doc>Closes the current browser.</doc>
<status status="PASS" starttime="20240406 11:58:46.023" endtime="20240406 11:58:49.307"/>
</kw>
<status status="PASS" starttime="20240406 11:58:29.378" endtime="20240406 11:58:49.307"/>
</test>
<status status="PASS" starttime="20240406 11:58:28.944" endtime="20240406 11:58:49.308"/>
</suite>
<statistics>
<total>
<stat pass="1" fail="0" skip="0">All Tests</stat>
</total>
<tag>
</tag>
<suite>
<stat pass="1" fail="0" skip="0" id="s1" name="Test">Test</stat>
</suite>
</statistics>
<errors>
</errors>
</robot>
